{
  "stats": {
    "suites": 1,
    "tests": 4,
    "passes": 4,
    "pending": 0,
    "failures": 0,
    "start": "2022-11-21T14:04:33.482Z",
    "end": "2022-11-21T14:04:36.159Z",
    "duration": 2677,
    "testsRegistered": 4,
    "passPercent": 100,
    "pendingPercent": 0,
    "other": 0,
    "hasOther": false,
    "skipped": 0,
    "hasSkipped": false
  },
  "results": [
    {
      "uuid": "b2d8904b-82ba-425c-ae68-6eb3f9ab4ef3",
      "title": "",
      "fullFile": "cypress\\e2e\\specs\\petstore-api-spec.cy.js",
      "file": "cypress\\e2e\\specs\\petstore-api-spec.cy.js",
      "beforeHooks": [],
      "afterHooks": [],
      "tests": [],
      "suites": [
        {
          "uuid": "ee800ea8-a527-4a0a-828c-d79b63199a4c",
          "title": "Pet Store api tests",
          "fullFile": "",
          "file": "",
          "beforeHooks": [],
          "afterHooks": [],
          "tests": [
            {
              "title": "Add new pet information by id",
              "fullTitle": "Pet Store api tests Add new pet information by id",
              "timedOut": null,
              "duration": 1552,
              "state": "passed",
              "speed": "fast",
              "pass": true,
              "fail": false,
              "pending": false,
              "context": null,
              "code": "cy.fixture(\"pet\").then(myFixture => {\n  cy.request({\n    method: \"POST\",\n    url: Cypress.env(\"api-endpoint\"),\n    body: myFixture\n  }).then(res => {\n    expect(res.status).to.equal(200);\n  });\n});",
              "err": {},
              "uuid": "8325d3a9-dee5-443e-be44-cb52346d2013",
              "parentUUID": "ee800ea8-a527-4a0a-828c-d79b63199a4c",
              "isHook": false,
              "skipped": false
            },
            {
              "title": "find pet by id",
              "fullTitle": "Pet Store api tests find pet by id",
              "timedOut": null,
              "duration": 272,
              "state": "passed",
              "speed": "fast",
              "pass": true,
              "fail": false,
              "pending": false,
              "context": null,
              "code": "cy.request({\n  method: \"GET\",\n  url: Cypress.env(\"api-endpoint\") + `/${petID}`\n}).then(res => {\n  expect(res.status).to.equal(200);\n  expect(res.body).to.have.property(\"name\");\n  expect(res.body).to.have.property(\"id\");\n  cy.log(res.body);\n});",
              "err": {},
              "uuid": "82e78032-f71f-4804-8a35-d16b4254f7f8",
              "parentUUID": "ee800ea8-a527-4a0a-828c-d79b63199a4c",
              "isHook": false,
              "skipped": false
            },
            {
              "title": "update existing pet name",
              "fullTitle": "Pet Store api tests update existing pet name",
              "timedOut": null,
              "duration": 292,
              "state": "passed",
              "speed": "fast",
              "pass": true,
              "fail": false,
              "pending": false,
              "context": null,
              "code": "cy.fixture(\"update-pet\").then(updateFixture => {\n  cy.request({\n    method: \"POST\",\n    url: Cypress.env(\"api-endpoint\") + `/${petID}`,\n    headers: {\n      \"Content-Type\": \"application/x-www-form-urlencoded\"\n    },\n    content: \"application/x-www-form-urlencoded\",\n    body: updateFixture\n  }).then(res => {\n    expect(res.status).to.equal(200);\n  });\n});",
              "err": {},
              "uuid": "0a40fc03-4050-45f7-b44b-f9a7ffc0cbe7",
              "parentUUID": "ee800ea8-a527-4a0a-828c-d79b63199a4c",
              "isHook": false,
              "skipped": false
            },
            {
              "title": "delete pet by id",
              "fullTitle": "Pet Store api tests delete pet by id",
              "timedOut": null,
              "duration": 460,
              "state": "passed",
              "speed": "fast",
              "pass": true,
              "fail": false,
              "pending": false,
              "context": null,
              "code": "cy.request({\n  method: \"DELETE\",\n  url: Cypress.env(\"api-endpoint\") + `/${petID}`\n}).then(res => {\n  expect(res.status).to.equal(200);\n  expect(res.body).has.property(\"message\", `${petID}`, \"deleted from petstore\");\n});",
              "err": {},
              "uuid": "d1d8214c-9ac6-405d-9277-b7811aba09ab",
              "parentUUID": "ee800ea8-a527-4a0a-828c-d79b63199a4c",
              "isHook": false,
              "skipped": false
            }
          ],
          "suites": [],
          "passes": [
            "8325d3a9-dee5-443e-be44-cb52346d2013",
            "82e78032-f71f-4804-8a35-d16b4254f7f8",
            "0a40fc03-4050-45f7-b44b-f9a7ffc0cbe7",
            "d1d8214c-9ac6-405d-9277-b7811aba09ab"
          ],
          "failures": [],
          "pending": [],
          "skipped": [],
          "duration": 2576,
          "root": false,
          "rootEmpty": false,
          "_timeout": 2000
        }
      ],
      "passes": [],
      "failures": [],
      "pending": [],
      "skipped": [],
      "duration": 0,
      "root": true,
      "rootEmpty": true,
      "_timeout": 2000
    }
  ],
  "meta": {
    "mocha": {
      "version": "7.0.1"
    },
    "mochawesome": {
      "options": {
        "quiet": false,
        "reportFilename": "mochawesome",
        "saveHtml": false,
        "saveJson": true,
        "consoleReporter": "spec",
        "useInlineDiffs": false,
        "code": true
      },
      "version": "7.1.3"
    },
    "marge": {
      "options": {
        "reportDir": "reports\\html\\.jsons",
        "charts": true,
        "reportPageTitle": "Cypress Framework Tests",
        "embeddedScreenshots": true,
        "inlineAssets": true,
        "overwrite": false,
        "html": false,
        "json": true
      },
      "version": "6.2.0"
    }
  }
}